<?xml version="1.0" encoding="UTF-8"?>
<!-- Generated by org.testng.reporters.JUnitXMLReporter -->
<testsuite ignored="0" hostname="NIN006414" failures="0" tests="1" name="Test1" time="0.096" errors="0" timestamp="2021-09-04T22:00:12 IST">
  <testcase classname="projectname.base.testcase3" name="@BeforeTest open" time="0.015">
    <failure type="java.lang.NullPointerException" message="Cannot invoke &amp;quot;String.contains(java.lang.CharSequence)&amp;quot; because &amp;quot;browserName&amp;quot; is null">
      <![CDATA[java.lang.NullPointerException: Cannot invoke "String.contains(java.lang.CharSequence)" because "browserName" is null
at resources.open.openbrowser(open.java:37)
at projectname.base.testcase3.open(testcase3.java:27)
at java.base/java.util.concurrent.FutureTask.run(FutureTask.java:264)
at java.base/java.util.concurrent.ThreadPoolExecutor.runWorker(ThreadPoolExecutor.java:1130)
at java.base/java.util.concurrent.ThreadPoolExecutor$Worker.run(ThreadPoolExecutor.java:630)
at java.base/java.lang.Thread.run(Thread.java:832)
... Removed 15 stack frames]]>
    </failure>
  </testcase> <!-- @BeforeTest open -->
  <testcase classname="projectname.base.testcase3" name="@AfterTest close" time="-1.63077301286E9">
    <skipped/>
  </testcase> <!-- @AfterTest close -->
  <testcase classname="projectname.base.testcase3" name="testcase" time="0.001">
    <skipped/>
  </testcase> <!-- testcase -->
</testsuite> <!-- Test1 -->
