<?xml version="1.0" encoding="UTF-8"?>
<testsuite xmlns:xsi="http://www.w3.org/2001/XMLSchema-instance" xsi:noNamespaceSchemaLocation="https://maven.apache.org/surefire/maven-surefire-plugin/xsd/surefire-test-report-3.0.xsd" version="3.0" name="TestSuite" time="5.275" tests="6" errors="0" skipped="4" failures="2">
  <properties>
[...]
</properties>
  <testcase name="open" classname="projectname.base.testcases" time="4.386">
    <failure message="session not created: This version of ChromeDriver only supports Chrome version 91&#10;Current browser version is 93.0.4577.63 with binary path C:\Program Files (x86)\Google\Chrome\Application\chrome.exe&#10;Build info: version: &apos;3.141.59&apos;, revision: &apos;e82be7d358&apos;, time: &apos;2018-11-14T08:17:03&apos;&#10;System info: host: &apos;NIN006414&apos;, ip: &apos;192.168.56.1&apos;, os.name: &apos;Windows 10&apos;, os.arch: &apos;amd64&apos;, os.version: &apos;10.0&apos;, java.version: &apos;14.0.1&apos;&#10;Driver info: driver.version: ChromeDriver&#10;remote stacktrace: Backtrace:&#10;	Ordinal0 [0x011E3733+2504499]&#10;	Ordinal0 [0x0117C401+2081793]&#10;	Ordinal0 [0x01082628+1058344]&#10;	Ordinal0 [0x010A071A+1181466]&#10;	Ordinal0 [0x0109C58C+1164684]&#10;	Ordinal0 [0x01099DC3+1154499]&#10;	Ordinal0 [0x010C9B82+1350530]&#10;	Ordinal0 [0x010C97DA+1349594]&#10;	Ordinal0 [0x010C5D4B+1334603]&#10;	Ordinal0 [0x010A22B4+1188532]&#10;	Ordinal0 [0x010A3149+1192265]&#10;	GetHandleVerifier [0x0135FB8C+1512252]&#10;	GetHandleVerifier [0x0140B0DF+2214031]&#10;	GetHandleVerifier [0x01264BC3+484211]&#10;	GetHandleVerifier [0x01263E69+480793]&#10;	Ordinal0 [0x0118218D+2105741]&#10;	Ordinal0 [0x011866E8+2123496]&#10;	Ordinal0 [0x01186827+2123815]&#10;	Ordinal0 [0x0118FB73+2161523]&#10;	BaseThreadInitThunk [0x74778674+36]&#10;	RtlGetAppContainerNamedObjectPath [0x77BF5E17+311]&#10;	RtlGetAppContainerNamedObjectPath [0x77BF5DE7+263]&#10;" type="org.openqa.selenium.SessionNotCreatedException">org.openqa.selenium.SessionNotCreatedException: 
session not created: This version of ChromeDriver only supports Chrome version 91
Current browser version is 93.0.4577.63 with binary path C:\Program Files (x86)\Google\Chrome\Application\chrome.exe
Build info: version: '3.141.59', revision: 'e82be7d358', time: '2018-11-14T08:17:03'
System info: host: 'NIN006414', ip: '192.168.56.1', os.name: 'Windows 10', os.arch: 'amd64', os.version: '10.0', java.version: '14.0.1'
Driver info: driver.version: ChromeDriver
remote stacktrace: Backtrace:
	Ordinal0 [0x011E3733+2504499]
	Ordinal0 [0x0117C401+2081793]
	Ordinal0 [0x01082628+1058344]
	Ordinal0 [0x010A071A+1181466]
	Ordinal0 [0x0109C58C+1164684]
	Ordinal0 [0x01099DC3+1154499]
	Ordinal0 [0x010C9B82+1350530]
	Ordinal0 [0x010C97DA+1349594]
	Ordinal0 [0x010C5D4B+1334603]
	Ordinal0 [0x010A22B4+1188532]
	Ordinal0 [0x010A3149+1192265]
	GetHandleVerifier [0x0135FB8C+1512252]
	GetHandleVerifier [0x0140B0DF+2214031]
	GetHandleVerifier [0x01264BC3+484211]
	GetHandleVerifier [0x01263E69+480793]
	Ordinal0 [0x0118218D+2105741]
	Ordinal0 [0x011866E8+2123496]
	Ordinal0 [0x01186827+2123815]
	Ordinal0 [0x0118FB73+2161523]
	BaseThreadInitThunk [0x74778674+36]
	RtlGetAppContainerNamedObjectPath [0x77BF5E17+311]
	RtlGetAppContainerNamedObjectPath [0x77BF5DE7+263]

	at projectname.base.testcases.open(testcases.java:23)
</failure>
    <system-out><![CDATA[chromeheadless
chromeheadless
]]></system-out>
    <system-err><![CDATA[Starting ChromeDriver 91.0.4472.101 (af52a90bf87030dd1523486a1cd3ae25c5d76c9b-refs/branch-heads/4472@{#1462}) on port 25671
Only local connections are allowed.
Please see https://chromedriver.chromium.org/security-considerations for suggestions on keeping ChromeDriver safe.
ChromeDriver was started successfully.
Starting ChromeDriver 91.0.4472.101 (af52a90bf87030dd1523486a1cd3ae25c5d76c9b-refs/branch-heads/4472@{#1462}) on port 20432
Only local connections are allowed.
Please see https://chromedriver.chromium.org/security-considerations for suggestions on keeping ChromeDriver safe.
ChromeDriver was started successfully.
]]></system-err>
  </testcase>
  <testcase name="open" classname="projectname.base.testcase3" time="4.428">
    <failure message="session not created: This version of ChromeDriver only supports Chrome version 91&#10;Current browser version is 93.0.4577.63 with binary path C:\Program Files (x86)\Google\Chrome\Application\chrome.exe&#10;Build info: version: &apos;3.141.59&apos;, revision: &apos;e82be7d358&apos;, time: &apos;2018-11-14T08:17:03&apos;&#10;System info: host: &apos;NIN006414&apos;, ip: &apos;192.168.56.1&apos;, os.name: &apos;Windows 10&apos;, os.arch: &apos;amd64&apos;, os.version: &apos;10.0&apos;, java.version: &apos;14.0.1&apos;&#10;Driver info: driver.version: ChromeDriver&#10;remote stacktrace: Backtrace:&#10;	Ordinal0 [0x011E3733+2504499]&#10;	Ordinal0 [0x0117C401+2081793]&#10;	Ordinal0 [0x01082628+1058344]&#10;	Ordinal0 [0x010A071A+1181466]&#10;	Ordinal0 [0x0109C58C+1164684]&#10;	Ordinal0 [0x01099DC3+1154499]&#10;	Ordinal0 [0x010C9B82+1350530]&#10;	Ordinal0 [0x010C97DA+1349594]&#10;	Ordinal0 [0x010C5D4B+1334603]&#10;	Ordinal0 [0x010A22B4+1188532]&#10;	Ordinal0 [0x010A3149+1192265]&#10;	GetHandleVerifier [0x0135FB8C+1512252]&#10;	GetHandleVerifier [0x0140B0DF+2214031]&#10;	GetHandleVerifier [0x01264BC3+484211]&#10;	GetHandleVerifier [0x01263E69+480793]&#10;	Ordinal0 [0x0118218D+2105741]&#10;	Ordinal0 [0x011866E8+2123496]&#10;	Ordinal0 [0x01186827+2123815]&#10;	Ordinal0 [0x0118FB73+2161523]&#10;	BaseThreadInitThunk [0x74778674+36]&#10;	RtlGetAppContainerNamedObjectPath [0x77BF5E17+311]&#10;	RtlGetAppContainerNamedObjectPath [0x77BF5DE7+263]&#10;" type="org.openqa.selenium.SessionNotCreatedException">org.openqa.selenium.SessionNotCreatedException: 
session not created: This version of ChromeDriver only supports Chrome version 91
Current browser version is 93.0.4577.63 with binary path C:\Program Files (x86)\Google\Chrome\Application\chrome.exe
Build info: version: '3.141.59', revision: 'e82be7d358', time: '2018-11-14T08:17:03'
System info: host: 'NIN006414', ip: '192.168.56.1', os.name: 'Windows 10', os.arch: 'amd64', os.version: '10.0', java.version: '14.0.1'
Driver info: driver.version: ChromeDriver
remote stacktrace: Backtrace:
	Ordinal0 [0x011E3733+2504499]
	Ordinal0 [0x0117C401+2081793]
	Ordinal0 [0x01082628+1058344]
	Ordinal0 [0x010A071A+1181466]
	Ordinal0 [0x0109C58C+1164684]
	Ordinal0 [0x01099DC3+1154499]
	Ordinal0 [0x010C9B82+1350530]
	Ordinal0 [0x010C97DA+1349594]
	Ordinal0 [0x010C5D4B+1334603]
	Ordinal0 [0x010A22B4+1188532]
	Ordinal0 [0x010A3149+1192265]
	GetHandleVerifier [0x0135FB8C+1512252]
	GetHandleVerifier [0x0140B0DF+2214031]
	GetHandleVerifier [0x01264BC3+484211]
	GetHandleVerifier [0x01263E69+480793]
	Ordinal0 [0x0118218D+2105741]
	Ordinal0 [0x011866E8+2123496]
	Ordinal0 [0x01186827+2123815]
	Ordinal0 [0x0118FB73+2161523]
	BaseThreadInitThunk [0x74778674+36]
	RtlGetAppContainerNamedObjectPath [0x77BF5E17+311]
	RtlGetAppContainerNamedObjectPath [0x77BF5DE7+263]

	at projectname.base.testcase3.open(testcase3.java:27)
</failure>
  </testcase>
  <testcase name="test" classname="projectname.base.testcases" time="0">
    <skipped message="session not created: This version of ChromeDriver only supports Chrome version 91&#10;Current browser version is 93.0.4577.63 with binary path C:\Program Files (x86)\Google\Chrome\Application\chrome.exe&#10;Build info: version: &apos;3.141.59&apos;, revision: &apos;e82be7d358&apos;, time: &apos;2018-11-14T08:17:03&apos;&#10;System info: host: &apos;NIN006414&apos;, ip: &apos;192.168.56.1&apos;, os.name: &apos;Windows 10&apos;, os.arch: &apos;amd64&apos;, os.version: &apos;10.0&apos;, java.version: &apos;14.0.1&apos;&#10;Driver info: driver.version: ChromeDriver&#10;remote stacktrace: Backtrace:&#10;	Ordinal0 [0x011E3733+2504499]&#10;	Ordinal0 [0x0117C401+2081793]&#10;	Ordinal0 [0x01082628+1058344]&#10;	Ordinal0 [0x010A071A+1181466]&#10;	Ordinal0 [0x0109C58C+1164684]&#10;	Ordinal0 [0x01099DC3+1154499]&#10;	Ordinal0 [0x010C9B82+1350530]&#10;	Ordinal0 [0x010C97DA+1349594]&#10;	Ordinal0 [0x010C5D4B+1334603]&#10;	Ordinal0 [0x010A22B4+1188532]&#10;	Ordinal0 [0x010A3149+1192265]&#10;	GetHandleVerifier [0x0135FB8C+1512252]&#10;	GetHandleVerifier [0x0140B0DF+2214031]&#10;	GetHandleVerifier [0x01264BC3+484211]&#10;	GetHandleVerifier [0x01263E69+480793]&#10;	Ordinal0 [0x0118218D+2105741]&#10;	Ordinal0 [0x011866E8+2123496]&#10;	Ordinal0 [0x01186827+2123815]&#10;	Ordinal0 [0x0118FB73+2161523]&#10;	BaseThreadInitThunk [0x74778674+36]&#10;	RtlGetAppContainerNamedObjectPath [0x77BF5E17+311]&#10;	RtlGetAppContainerNamedObjectPath [0x77BF5DE7+263]&#10;"/>
  </testcase>
  <testcase name="testcase" classname="projectname.base.testcase3" time="0">
    <skipped message="session not created: This version of ChromeDriver only supports Chrome version 91&#10;Current browser version is 93.0.4577.63 with binary path C:\Program Files (x86)\Google\Chrome\Application\chrome.exe&#10;Build info: version: &apos;3.141.59&apos;, revision: &apos;e82be7d358&apos;, time: &apos;2018-11-14T08:17:03&apos;&#10;System info: host: &apos;NIN006414&apos;, ip: &apos;192.168.56.1&apos;, os.name: &apos;Windows 10&apos;, os.arch: &apos;amd64&apos;, os.version: &apos;10.0&apos;, java.version: &apos;14.0.1&apos;&#10;Driver info: driver.version: ChromeDriver&#10;remote stacktrace: Backtrace:&#10;	Ordinal0 [0x011E3733+2504499]&#10;	Ordinal0 [0x0117C401+2081793]&#10;	Ordinal0 [0x01082628+1058344]&#10;	Ordinal0 [0x010A071A+1181466]&#10;	Ordinal0 [0x0109C58C+1164684]&#10;	Ordinal0 [0x01099DC3+1154499]&#10;	Ordinal0 [0x010C9B82+1350530]&#10;	Ordinal0 [0x010C97DA+1349594]&#10;	Ordinal0 [0x010C5D4B+1334603]&#10;	Ordinal0 [0x010A22B4+1188532]&#10;	Ordinal0 [0x010A3149+1192265]&#10;	GetHandleVerifier [0x0135FB8C+1512252]&#10;	GetHandleVerifier [0x0140B0DF+2214031]&#10;	GetHandleVerifier [0x01264BC3+484211]&#10;	GetHandleVerifier [0x01263E69+480793]&#10;	Ordinal0 [0x0118218D+2105741]&#10;	Ordinal0 [0x011866E8+2123496]&#10;	Ordinal0 [0x01186827+2123815]&#10;	Ordinal0 [0x0118FB73+2161523]&#10;	BaseThreadInitThunk [0x74778674+36]&#10;	RtlGetAppContainerNamedObjectPath [0x77BF5E17+311]&#10;	RtlGetAppContainerNamedObjectPath [0x77BF5DE7+263]&#10;"/>
  </testcase>
  <testcase name="close" classname="projectname.base.testcase3" time="0">
    <skipped/>
  </testcase>
  <testcase name="close" classname="projectname.base.testcases" time="0">
    <skipped/>
  </testcase>
</testsuite>